-- Found ament_cmake: 1.3.6 (/opt/ros/humble/share/ament_cmake/cmake)
-- Found geometry_msgs: 4.2.3 (/opt/ros/humble/share/geometry_msgs/cmake)
-- Found rosidl_generator_c: 3.1.5 (/opt/ros/humble/share/rosidl_generator_c/cmake)
-- Found rosidl_adapter: 3.1.5 (/opt/ros/humble/share/rosidl_adapter/cmake)
-- Found rosidl_generator_cpp: 3.1.5 (/opt/ros/humble/share/rosidl_generator_cpp/cmake)
-- Using all available rosidl_typesupport_c: rosidl_typesupport_fastrtps_c;rosidl_typesupport_introspection_c
-- Using all available rosidl_typesupport_cpp: rosidl_typesupport_fastrtps_cpp;rosidl_typesupport_introspection_cpp
-- Found rosidl_default_generators: 1.2.0 (/opt/ros/humble/share/rosidl_default_generators/cmake)
-- Found ament_cmake_ros: 0.10.0 (/opt/ros/humble/share/ament_cmake_ros/cmake)
-- Using all available rosidl_typesupport_c: rosidl_typesupport_fastrtps_c;rosidl_typesupport_introspection_c
-- Using all available rosidl_typesupport_cpp: rosidl_typesupport_fastrtps_cpp;rosidl_typesupport_introspection_cpp
-- Found python_cmake_module: 0.10.0 (/opt/ros/humble/share/python_cmake_module/cmake)
-- Using PYTHON_EXECUTABLE: /usr/bin/python3
-- Using PYTHON_INCLUDE_DIRS: /usr/include/python3.10
-- Using PYTHON_LIBRARIES: /usr/lib/x86_64-linux-gnu/libpython3.10.so
-- Found ament_lint_auto: 0.12.9 (/opt/ros/humble/share/ament_lint_auto/cmake)
-- Added test 'lint_cmake' to check CMake code style
-- Added test 'xmllint' to check XML markup files
-- Configuring done
-- Generating done
-- Build files have been written to: /home/jasper/RoboWorks_Comp_Team/taskOptimzer/build/atwork_interfaces
[35m[1mConsolidate compiler generated dependencies of target atwork_interfaces__rosidl_generator_c[0m
[  1%] [32mBuilding C object CMakeFiles/atwork_interfaces__rosidl_generator_c.dir/rosidl_generator_c/atwork_interfaces/msg/detail/task__functions.c.o[0m
[  3%] Built target atwork_interfaces__cpp
[  4%] [32mBuilding C object CMakeFiles/atwork_interfaces__rosidl_generator_c.dir/rosidl_generator_c/atwork_interfaces/msg/detail/robot_header__functions.c.o[0m
[  6%] [32mBuilding C object CMakeFiles/atwork_interfaces__rosidl_generator_c.dir/rosidl_generator_c/atwork_interfaces/msg/detail/workstation__functions.c.o[0m
[  7%] [32mBuilding C object CMakeFiles/atwork_interfaces__rosidl_generator_c.dir/rosidl_generator_c/atwork_interfaces/msg/detail/object__functions.c.o[0m
[  9%] [32mBuilding C object CMakeFiles/atwork_interfaces__rosidl_generator_c.dir/rosidl_generator_c/atwork_interfaces/srv/detail/generate_task__functions.c.o[0m
[  9%] Built target ament_cmake_python_copy_atwork_interfaces
[35m[1mConsolidate compiler generated dependencies of target atwork_interfaces__rosidl_typesupport_cpp[0m
In file included from [01m[K/home/jasper/RoboWorks_Comp_Team/taskOptimzer/build/atwork_interfaces/rosidl_generator_c/atwork_interfaces/msg/detail/task__functions.h:19[m[K,
                 from [01m[K/home/jasper/RoboWorks_Comp_Team/taskOptimzer/build/atwork_interfaces/rosidl_generator_c/atwork_interfaces/msg/detail/task__functions.c:4[m[K:
[01m[K/home/jasper/RoboWorks_Comp_Team/taskOptimzer/build/atwork_interfaces/rosidl_generator_c/atwork_interfaces/msg/detail/task__struct.h:22:10:[m[K [01;31m[Kfatal error: [m[Katwork_interfaces/msg/detail/header__struct.h: No such file or directory
   22 | #include [01;31m[K"atwork_interfaces/msg/detail/header__struct.h"[m[K
      |          [01;31m[K^~~~~~~~~~~~~~~~~~~~~~~~~~~~~~~~~~~~~~~~~~~~~~~[m[K
compilation terminated.
[35m[1mConsolidate compiler generated dependencies of target atwork_interfaces__rosidl_typesupport_fastrtps_cpp[0m
In file included from [01m[K/home/jasper/RoboWorks_Comp_Team/taskOptimzer/build/atwork_interfaces/rosidl_generator_c/atwork_interfaces/msg/detail/robot_header__functions.h:19[m[K,
                 from [01m[K/home/jasper/RoboWorks_Comp_Team/taskOptimzer/build/atwork_interfaces/rosidl_generator_c/atwork_interfaces/msg/detail/robot_header__functions.c:4[m[K:
[01m[K/home/jasper/RoboWorks_Comp_Team/taskOptimzer/build/atwork_interfaces/rosidl_generator_c/atwork_interfaces/msg/detail/robot_header__struct.h:22:10:[m[K [01;31m[Kfatal error: [m[Katwork_interfaces/msg/detail/header__struct.h: No such file or directory
   22 | #include [01;31m[K"atwork_interfaces/msg/detail/header__struct.h"[m[K
      |          [01;31m[K^~~~~~~~~~~~~~~~~~~~~~~~~~~~~~~~~~~~~~~~~~~~~~~[m[K
compilation terminated.
In file included from [01m[K/home/jasper/RoboWorks_Comp_Team/taskOptimzer/build/atwork_interfaces/rosidl_generator_c/atwork_interfaces/srv/detail/generate_task__struct.h:45[m[K,
                 from [01m[K/home/jasper/RoboWorks_Comp_Team/taskOptimzer/build/atwork_interfaces/rosidl_generator_c/atwork_interfaces/srv/detail/generate_task__functions.h:19[m[K,
                 from [01m[K/home/jasper/RoboWorks_Comp_Team/taskOptimzer/build/atwork_interfaces/rosidl_generator_c/atwork_interfaces/srv/detail/generate_task__functions.c:4[m[K:
[01m[K/home/jasper/RoboWorks_Comp_Team/taskOptimzer/build/atwork_interfaces/rosidl_generator_c/atwork_interfaces/msg/detail/task__struct.h:22:10:[m[K [01;31m[Kfatal error: [m[Katwork_interfaces/msg/detail/header__struct.h: No such file or directory
   22 | #include [01;31m[K"atwork_interfaces/msg/detail/header__struct.h"[m[K
      |          [01;31m[K^~~~~~~~~~~~~~~~~~~~~~~~~~~~~~~~~~~~~~~~~~~~~~~[m[K
compilation terminated.
[35m[1mConsolidate compiler generated dependencies of target atwork_interfaces__rosidl_typesupport_introspection_cpp[0m
[ 11%] [32mBuilding CXX object CMakeFiles/atwork_interfaces__rosidl_typesupport_cpp.dir/rosidl_typesupport_cpp/atwork_interfaces/msg/object__type_support.cpp.o[0m
gmake[2]: *** [CMakeFiles/atwork_interfaces__rosidl_generator_c.dir/build.make:242: CMakeFiles/atwork_interfaces__rosidl_generator_c.dir/rosidl_generator_c/atwork_interfaces/msg/detail/robot_header__functions.c.o] Error 1
gmake[2]: *** Waiting for unfinished jobs....
gmake[2]: *** [CMakeFiles/atwork_interfaces__rosidl_generator_c.dir/build.make:256: CMakeFiles/atwork_interfaces__rosidl_generator_c.dir/rosidl_generator_c/atwork_interfaces/msg/detail/task__functions.c.o] Error 1
gmake[2]: *** [CMakeFiles/atwork_interfaces__rosidl_generator_c.dir/build.make:284: CMakeFiles/atwork_interfaces__rosidl_generator_c.dir/rosidl_generator_c/atwork_interfaces/srv/detail/generate_task__functions.c.o] Error 1
[ 12%] [32mBuilding CXX object CMakeFiles/atwork_interfaces__rosidl_typesupport_fastrtps_cpp.dir/rosidl_typesupport_fastrtps_cpp/atwork_interfaces/msg/detail/dds_fastrtps/object__type_support.cpp.o[0m
[ 14%] [32mBuilding CXX object CMakeFiles/atwork_interfaces__rosidl_typesupport_cpp.dir/rosidl_typesupport_cpp/atwork_interfaces/msg/robot_header__type_support.cpp.o[0m
[ 15%] [32mBuilding CXX object CMakeFiles/atwork_interfaces__rosidl_typesupport_fastrtps_cpp.dir/rosidl_typesupport_fastrtps_cpp/atwork_interfaces/msg/detail/dds_fastrtps/robot_header__type_support.cpp.o[0m
[ 17%] [32mBuilding CXX object CMakeFiles/atwork_interfaces__rosidl_typesupport_introspection_cpp.dir/rosidl_typesupport_introspection_cpp/atwork_interfaces/msg/detail/object__type_support.cpp.o[0m
gmake[1]: *** [CMakeFiles/Makefile2:213: CMakeFiles/atwork_interfaces__rosidl_generator_c.dir/all] Error 2
gmake[1]: *** Waiting for unfinished jobs....
[ 19%] [32mBuilding CXX object CMakeFiles/atwork_interfaces__rosidl_typesupport_introspection_cpp.dir/rosidl_typesupport_introspection_cpp/atwork_interfaces/msg/detail/robot_header__type_support.cpp.o[0m
[ 20%] [32mBuilding CXX object CMakeFiles/atwork_interfaces__rosidl_typesupport_fastrtps_cpp.dir/rosidl_typesupport_fastrtps_cpp/atwork_interfaces/msg/detail/dds_fastrtps/task__type_support.cpp.o[0m
In file included from [01m[K/home/jasper/RoboWorks_Comp_Team/taskOptimzer/build/atwork_interfaces/rosidl_typesupport_cpp/atwork_interfaces/msg/robot_header__type_support.cpp:7[m[K:
[01m[K/home/jasper/RoboWorks_Comp_Team/taskOptimzer/build/atwork_interfaces/rosidl_generator_cpp/atwork_interfaces/msg/detail/robot_header__struct.hpp:20:10:[m[K [01;31m[Kfatal error: [m[Katwork_interfaces/msg/detail/header__struct.hpp: No such file or directory
   20 | #include [01;31m[K"atwork_interfaces/msg/detail/header__struct.hpp"[m[K
      |          [01;31m[K^~~~~~~~~~~~~~~~~~~~~~~~~~~~~~~~~~~~~~~~~~~~~~~~~[m[K
compilation terminated.
In file included from [01m[K/home/jasper/RoboWorks_Comp_Team/taskOptimzer/build/atwork_interfaces/rosidl_typesupport_fastrtps_cpp/atwork_interfaces/msg/detail/robot_header__rosidl_typesupport_fastrtps_cpp.hpp:11[m[K,
                 from [01m[K/home/jasper/RoboWorks_Comp_Team/taskOptimzer/build/atwork_interfaces/rosidl_typesupport_fastrtps_cpp/atwork_interfaces/msg/detail/dds_fastrtps/robot_header__type_support.cpp:4[m[K:
[01m[K/home/jasper/RoboWorks_Comp_Team/taskOptimzer/build/atwork_interfaces/rosidl_generator_cpp/atwork_interfaces/msg/detail/robot_header__struct.hpp:20:10:[m[K [01;31m[Kfatal error: [m[Katwork_interfaces/msg/detail/header__struct.hpp: No such file or directory
   20 | #include [01;31m[K"atwork_interfaces/msg/detail/header__struct.hpp"[m[K
      |          [01;31m[K^~~~~~~~~~~~~~~~~~~~~~~~~~~~~~~~~~~~~~~~~~~~~~~~~[m[K
compilation terminated.
gmake[2]: *** [CMakeFiles/atwork_interfaces__rosidl_typesupport_cpp.dir/build.make:175: CMakeFiles/atwork_interfaces__rosidl_typesupport_cpp.dir/rosidl_typesupport_cpp/atwork_interfaces/msg/robot_header__type_support.cpp.o] Error 1
gmake[2]: *** Waiting for unfinished jobs....
gmake[2]: *** [CMakeFiles/atwork_interfaces__rosidl_typesupport_fastrtps_cpp.dir/build.make:192: CMakeFiles/atwork_interfaces__rosidl_typesupport_fastrtps_cpp.dir/rosidl_typesupport_fastrtps_cpp/atwork_interfaces/msg/detail/dds_fastrtps/robot_header__type_support.cpp.o] Error 1
gmake[2]: *** Waiting for unfinished jobs....
In file included from [01m[K/home/jasper/RoboWorks_Comp_Team/taskOptimzer/build/atwork_interfaces/rosidl_typesupport_fastrtps_cpp/atwork_interfaces/msg/detail/task__rosidl_typesupport_fastrtps_cpp.hpp:11[m[K,
                 from [01m[K/home/jasper/RoboWorks_Comp_Team/taskOptimzer/build/atwork_interfaces/rosidl_typesupport_fastrtps_cpp/atwork_interfaces/msg/detail/dds_fastrtps/task__type_support.cpp:4[m[K:
[01m[K/home/jasper/RoboWorks_Comp_Team/taskOptimzer/build/atwork_interfaces/rosidl_generator_cpp/atwork_interfaces/msg/detail/task__struct.hpp:20:10:[m[K [01;31m[Kfatal error: [m[Katwork_interfaces/msg/detail/header__struct.hpp: No such file or directory
   20 | #include [01;31m[K"atwork_interfaces/msg/detail/header__struct.hpp"[m[K
      |          [01;31m[K^~~~~~~~~~~~~~~~~~~~~~~~~~~~~~~~~~~~~~~~~~~~~~~~~[m[K
compilation terminated.
gmake[2]: *** [CMakeFiles/atwork_interfaces__rosidl_typesupport_fastrtps_cpp.dir/build.make:206: CMakeFiles/atwork_interfaces__rosidl_typesupport_fastrtps_cpp.dir/rosidl_typesupport_fastrtps_cpp/atwork_interfaces/msg/detail/dds_fastrtps/task__type_support.cpp.o] Error 1
[ 22%] [32mBuilding CXX object CMakeFiles/atwork_interfaces__rosidl_typesupport_introspection_cpp.dir/rosidl_typesupport_introspection_cpp/atwork_interfaces/msg/detail/task__type_support.cpp.o[0m
[ 23%] [32mBuilding CXX object CMakeFiles/atwork_interfaces__rosidl_typesupport_introspection_cpp.dir/rosidl_typesupport_introspection_cpp/atwork_interfaces/msg/detail/workstation__type_support.cpp.o[0m
In file included from [01m[K/home/jasper/RoboWorks_Comp_Team/taskOptimzer/build/atwork_interfaces/rosidl_typesupport_introspection_cpp/atwork_interfaces/msg/detail/robot_header__type_support.cpp:12[m[K:
[01m[K/home/jasper/RoboWorks_Comp_Team/taskOptimzer/build/atwork_interfaces/rosidl_generator_cpp/atwork_interfaces/msg/detail/robot_header__struct.hpp:20:10:[m[K [01;31m[Kfatal error: [m[Katwork_interfaces/msg/detail/header__struct.hpp: No such file or directory
   20 | #include [01;31m[K"atwork_interfaces/msg/detail/header__struct.hpp"[m[K
      |          [01;31m[K^~~~~~~~~~~~~~~~~~~~~~~~~~~~~~~~~~~~~~~~~~~~~~~~~[m[K
compilation terminated.
gmake[2]: *** [CMakeFiles/atwork_interfaces__rosidl_typesupport_introspection_cpp.dir/build.make:192: CMakeFiles/atwork_interfaces__rosidl_typesupport_introspection_cpp.dir/rosidl_typesupport_introspection_cpp/atwork_interfaces/msg/detail/robot_header__type_support.cpp.o] Error 1
gmake[2]: *** Waiting for unfinished jobs....
[ 25%] [32mBuilding CXX object CMakeFiles/atwork_interfaces__rosidl_typesupport_introspection_cpp.dir/rosidl_typesupport_introspection_cpp/atwork_interfaces/srv/detail/generate_task__type_support.cpp.o[0m
In file included from [01m[K/home/jasper/RoboWorks_Comp_Team/taskOptimzer/build/atwork_interfaces/rosidl_typesupport_introspection_cpp/atwork_interfaces/msg/detail/task__type_support.cpp:12[m[K:
[01m[K/home/jasper/RoboWorks_Comp_Team/taskOptimzer/build/atwork_interfaces/rosidl_generator_cpp/atwork_interfaces/msg/detail/task__struct.hpp:20:10:[m[K [01;31m[Kfatal error: [m[Katwork_interfaces/msg/detail/header__struct.hpp: No such file or directory
   20 | #include [01;31m[K"atwork_interfaces/msg/detail/header__struct.hpp"[m[K
      |          [01;31m[K^~~~~~~~~~~~~~~~~~~~~~~~~~~~~~~~~~~~~~~~~~~~~~~~~[m[K
compilation terminated.
gmake[2]: *** [CMakeFiles/atwork_interfaces__rosidl_typesupport_introspection_cpp.dir/build.make:206: CMakeFiles/atwork_interfaces__rosidl_typesupport_introspection_cpp.dir/rosidl_typesupport_introspection_cpp/atwork_interfaces/msg/detail/task__type_support.cpp.o] Error 1
In file included from [01m[K/home/jasper/RoboWorks_Comp_Team/taskOptimzer/build/atwork_interfaces/rosidl_generator_cpp/atwork_interfaces/srv/detail/generate_task__struct.hpp:134[m[K,
                 from [01m[K/home/jasper/RoboWorks_Comp_Team/taskOptimzer/build/atwork_interfaces/rosidl_typesupport_introspection_cpp/atwork_interfaces/srv/detail/generate_task__type_support.cpp:12[m[K:
[01m[K/home/jasper/RoboWorks_Comp_Team/taskOptimzer/build/atwork_interfaces/rosidl_generator_cpp/atwork_interfaces/msg/detail/task__struct.hpp:20:10:[m[K [01;31m[Kfatal error: [m[Katwork_interfaces/msg/detail/header__struct.hpp: No such file or directory
   20 | #include [01;31m[K"atwork_interfaces/msg/detail/header__struct.hpp"[m[K
      |          [01;31m[K^~~~~~~~~~~~~~~~~~~~~~~~~~~~~~~~~~~~~~~~~~~~~~~~~[m[K
compilation terminated.
gmake[2]: *** [CMakeFiles/atwork_interfaces__rosidl_typesupport_introspection_cpp.dir/build.make:234: CMakeFiles/atwork_interfaces__rosidl_typesupport_introspection_cpp.dir/rosidl_typesupport_introspection_cpp/atwork_interfaces/srv/detail/generate_task__type_support.cpp.o] Error 1
running egg_info
writing atwork_interfaces.egg-info/PKG-INFO
writing dependency_links to atwork_interfaces.egg-info/dependency_links.txt
writing top-level names to atwork_interfaces.egg-info/top_level.txt
reading manifest file 'atwork_interfaces.egg-info/SOURCES.txt'
writing manifest file 'atwork_interfaces.egg-info/SOURCES.txt'
[ 25%] Built target ament_cmake_python_build_atwork_interfaces_egg
gmake[1]: *** [CMakeFiles/Makefile2:395: CMakeFiles/atwork_interfaces__rosidl_typesupport_cpp.dir/all] Error 2
gmake[1]: *** [CMakeFiles/Makefile2:291: CMakeFiles/atwork_interfaces__rosidl_typesupport_fastrtps_cpp.dir/all] Error 2
gmake[1]: *** [CMakeFiles/Makefile2:369: CMakeFiles/atwork_interfaces__rosidl_typesupport_introspection_cpp.dir/all] Error 2
gmake: *** [Makefile:146: all] Error 2
