[0.093s] Invoking command in '/home/jasper/RoboWorks_Comp_Team/taskOptimzer/build/atwork_interfaces': CMAKE_PREFIX_PATH=${CMAKE_PREFIX_PATH}:/home/jasper/ws_moveit2/install/moveit_configs_utils:/home/jasper/ws_moveit2/install/launch_param_builder:/opt/ros/humble /usr/bin/cmake --build /home/jasper/RoboWorks_Comp_Team/taskOptimzer/build/atwork_interfaces -- -j8 -l8
[0.129s] -- Found ament_cmake: 1.3.6 (/opt/ros/humble/share/ament_cmake/cmake)
[0.297s] -- Found geometry_msgs: 4.2.3 (/opt/ros/humble/share/geometry_msgs/cmake)
[0.328s] -- Found rosidl_generator_c: 3.1.5 (/opt/ros/humble/share/rosidl_generator_c/cmake)
[0.331s] -- Found rosidl_adapter: 3.1.5 (/opt/ros/humble/share/rosidl_adapter/cmake)
[0.337s] -- Found rosidl_generator_cpp: 3.1.5 (/opt/ros/humble/share/rosidl_generator_cpp/cmake)
[0.351s] -- Using all available rosidl_typesupport_c: rosidl_typesupport_fastrtps_c;rosidl_typesupport_introspection_c
[0.370s] -- Using all available rosidl_typesupport_cpp: rosidl_typesupport_fastrtps_cpp;rosidl_typesupport_introspection_cpp
[0.496s] -- Found rosidl_default_generators: 1.2.0 (/opt/ros/humble/share/rosidl_default_generators/cmake)
[0.718s] [31mCMake Error at /opt/ros/humble/share/rosidl_adapter/cmake/rosidl_adapt_interfaces.cmake:59 (message):
[0.718s]   execute_process(/usr/bin/python3.10 -m rosidl_adapter --package-name
[0.718s]   atwork_interfaces --arguments-file
[0.718s]   /home/jasper/RoboWorks_Comp_Team/taskOptimzer/build/atwork_interfaces/rosidl_adapter__arguments__atwork_interfaces.json
[0.719s]   --output-dir
[0.719s]   /home/jasper/RoboWorks_Comp_Team/taskOptimzer/build/atwork_interfaces/rosidl_adapter/atwork_interfaces
[0.719s]   --output-file
[0.719s]   /home/jasper/RoboWorks_Comp_Team/taskOptimzer/build/atwork_interfaces/rosidl_adapter/atwork_interfaces.idls)
[0.719s]   returned error code 1:
[0.719s] 
[0.719s]   Error processing 'Task taskMessage' of 'atwork_interfaces/TaskOpt_Request':
[0.720s]   ''taskMessage' is an invalid field name.  It should have the pattern
[0.720s]   '^(?!.*__)(?!.*_$)[a-z][a-z0-9_]*$''
[0.720s] 
[0.720s]   Traceback (most recent call last):
[0.720s] 
[0.720s]     File "/usr/lib/python3.10/runpy.py", line 196, in _run_module_as_main
[0.720s]       return _run_code(code, main_globals, None,
[0.720s]     File "/usr/lib/python3.10/runpy.py", line 86, in _run_code
[0.720s]       exec(code, run_globals)
[0.721s]     File "/opt/ros/humble/local/lib/python3.10/dist-packages/rosidl_adapter/__main__.py", line 19, in <module>
[0.721s]       sys.exit(main())
[0.721s]     File "/opt/ros/humble/local/lib/python3.10/dist-packages/rosidl_adapter/main.py", line 53, in main
[0.721s]       abs_idl_file = convert_to_idl(
[0.721s]     File "/opt/ros/humble/local/lib/python3.10/dist-packages/rosidl_adapter/__init__.py", line 24, in convert_to_idl
[0.721s]       return convert_srv_to_idl(
[0.721s]     File "/opt/ros/humble/local/lib/python3.10/dist-packages/rosidl_adapter/srv/__init__.py", line 28, in convert_srv_to_idl
[0.721s]       srv = parse_service_string(package_name, input_file.stem, content)
[0.721s]     File "/opt/ros/humble/local/lib/python3.10/dist-packages/rosidl_adapter/parser.py", line 859, in parse_service_string
[0.721s]       request_message = parse_message_string(
[0.722s]     File "/opt/ros/humble/local/lib/python3.10/dist-packages/rosidl_adapter/parser.py", line 519, in parse_message_string
[0.722s]       fields.append(Field(
[0.722s]     File "/opt/ros/humble/local/lib/python3.10/dist-packages/rosidl_adapter/parser.py", line 354, in __init__
[0.722s]       raise NameError(
[0.722s] 
[0.722s]   NameError: 'taskMessage' is an invalid field name.  It should have the
[0.722s]   pattern '^(?!.*__)(?!.*_$)[a-z][a-z0-9_]*$'
[0.722s] 
[0.722s] Call Stack (most recent call first):
[0.722s]   /opt/ros/humble/share/rosidl_cmake/cmake/rosidl_generate_interfaces.cmake:130 (rosidl_adapt_interfaces)
[0.723s]   CMakeLists.txt:16 (rosidl_generate_interfaces)
[0.723s] 
[0.723s] [0m
[0.723s] -- Configuring incomplete, errors occurred!
[0.723s] See also "/home/jasper/RoboWorks_Comp_Team/taskOptimzer/build/atwork_interfaces/CMakeFiles/CMakeOutput.log".
[0.726s] gmake: *** [Makefile:1827: cmake_check_build_system] Error 1
[0.729s] Invoked command in '/home/jasper/RoboWorks_Comp_Team/taskOptimzer/build/atwork_interfaces' returned '2': CMAKE_PREFIX_PATH=${CMAKE_PREFIX_PATH}:/home/jasper/ws_moveit2/install/moveit_configs_utils:/home/jasper/ws_moveit2/install/launch_param_builder:/opt/ros/humble /usr/bin/cmake --build /home/jasper/RoboWorks_Comp_Team/taskOptimzer/build/atwork_interfaces -- -j8 -l8
