[0.267s] Invoking command in '/home/jasper/RoboWorks_Comp_Team/brain/build/roboworks_brain': CMAKE_PREFIX_PATH=${CMAKE_PREFIX_PATH}:/home/jasper/RoboWorks_Comp_Team/brain/install/roboworks_brain_interfaces:/home/jasper/ws_moveit2/install/moveit_configs_utils:/home/jasper/ws_moveit2/install/launch_param_builder:/opt/ros/humble /usr/bin/cmake --build /home/jasper/RoboWorks_Comp_Team/brain/build/roboworks_brain -- -j8 -l8
[0.334s] [35m[1mConsolidate compiler generated dependencies of target brain_node[0m
[0.368s] [ 50%] [32mBuilding CXX object CMakeFiles/brain_node.dir/src/brain_node.cpp.o[0m
[2.746s] [01m[K/home/jasper/RoboWorks_Comp_Team/brain/src/roboworks_brain/src/brain_node.cpp:51:83:[m[K [01;31m[Kerror: [m[Kâ€˜[01m[KTaskOpt[m[Kâ€™ is not a member of â€˜[01m[Kroboworks_brain_interfaces::srv[m[Kâ€™
[2.746s]    51 | nseFuture = rclcpp::Client<roboworks_brain_interfaces::srv::[01;31m[KTaskOpt[m[K>::SharedFuture;
[2.746s]       |                                                             [01;31m[K^~~~~~~[m[K
[2.746s] 
[2.747s] [01m[K/home/jasper/RoboWorks_Comp_Team/brain/src/roboworks_brain/src/brain_node.cpp:51:90:[m[K [01;31m[Kerror: [m[Ktemplate argument 1 is invalid
[2.747s]    51 | re = rclcpp::Client<roboworks_brain_interfaces::srv::TaskOpt[01;31m[K>[m[K::SharedFuture;
[2.747s]       |                                                             [01;31m[K^[m[K
[2.747s] 
[2.747s] [01m[K/home/jasper/RoboWorks_Comp_Team/brain/src/roboworks_brain/src/brain_node.cpp:52:21:[m[K [01;31m[Kerror: [m[Kâ€˜[01m[KServiceResponseFuture[m[Kâ€™ has not been declared
[2.747s]    52 |     void controller([01;31m[KServiceResponseFuture[m[K future)
[2.747s]       |                     [01;31m[K^~~~~~~~~~~~~~~~~~~~~[m[K
[2.880s] [01m[K/home/jasper/RoboWorks_Comp_Team/brain/src/roboworks_brain/src/brain_node.cpp:195:53:[m[K [01;31m[Kerror: [m[Kâ€˜[01m[KTaskOpt[m[Kâ€™ is not a member of â€˜[01m[Kroboworks_brain_interfaces::srv[m[Kâ€™
[2.880s]   195 |     rclcpp::Client<roboworks_brain_interfaces::srv::[01;31m[KTaskOpt[m[K>::SharedPtr taskOp_client;
[2.880s]       |                                                     [01;31m[K^~~~~~~[m[K
[2.880s] [01m[K/home/jasper/RoboWorks_Comp_Team/brain/src/roboworks_brain/src/brain_node.cpp:195:60:[m[K [01;31m[Kerror: [m[Ktemplate argument 1 is invalid
[2.881s]   195 |     rclcpp::Client<roboworks_brain_interfaces::srv::TaskOpt[01;31m[K>[m[K::SharedPtr taskOp_client;
[2.881s]       |                                                            [01;31m[K^[m[K
[2.881s] [01m[K/home/jasper/RoboWorks_Comp_Team/brain/src/roboworks_brain/src/brain_node.cpp:195:63:[m[K [01;31m[Kerror: [m[Kexpected â€˜[01m[K;[m[Kâ€™ at end of member declaration
[2.881s]   195 |   rclcpp::Client<roboworks_brain_interfaces::srv::TaskOpt>::[01;31m[KSharedPtr[m[K taskOp_client;
[2.881s]       |                                                             [01;31m[K^~~~~~~~~[m[K
[2.881s]       |                                                                      [32m[K;[m[K
[2.883s] [01m[K/home/jasper/RoboWorks_Comp_Team/brain/src/roboworks_brain/src/brain_node.cpp:195:73:[m[K [01;31m[Kerror: [m[Kâ€˜[01m[KtaskOp_client[m[Kâ€™ does not name a type
[2.883s]   195 | Client<roboworks_brain_interfaces::srv::TaskOpt>::SharedPtr [01;31m[KtaskOp_client[m[K;
[2.883s]       |                                                             [01;31m[K^~~~~~~~~~~~~[m[K
[2.883s] 
[2.901s] [01m[K/home/jasper/RoboWorks_Comp_Team/brain/src/roboworks_brain/src/brain_node.cpp:[m[K In member function â€˜[01m[Kvoid brainNode::AT_callback(const String&)[m[Kâ€™:
[2.901s] [01m[K/home/jasper/RoboWorks_Comp_Team/brain/src/roboworks_brain/src/brain_node.cpp:40:46:[m[K [01;31m[Kerror: [m[Kâ€˜[01m[Katwork[m[Kâ€™ was not declared in this scope
[2.901s]    40 |       auto requestTaskOpt = std::make_shared<[01;31m[Katwork[m[K::srv::TaskOpt::Request>();
[2.902s]       |                                              [01;31m[K^~~~~~[m[K
[2.902s] [01m[K/home/jasper/RoboWorks_Comp_Team/brain/src/roboworks_brain/src/brain_node.cpp:40:34:[m[K [01;31m[Kerror: [m[Kparse error in template argument list
[2.902s]    40 |       auto requestTaskOpt = std::[01;31m[Kmake_shared<atwork::srv::TaskOpt::Request>[m[K();
[2.902s]       |                                  [01;31m[K^~~~~~~~~~~~~~~~~~~~~~~~~~~~~~~~~~~~~~~~~~[m[K
[2.902s] [01m[K/home/jasper/RoboWorks_Comp_Team/brain/src/roboworks_brain/src/brain_node.cpp:40:76:[m[K [01;31m[Kerror: [m[Kno matching function for call to â€˜[01m[Kmake_shared<<expression error> >()[m[Kâ€™
[2.902s]    40 | uto requestTaskOpt = [01;31m[Kstd::make_shared<atwork::srv::TaskOpt::Request>()[m[K;
[2.902s]       |                      [01;31m[K~~~~~~~~~~~~~~~~~~~~~~~~~~~~~~~~~~~~~~~~~~~~~~~^~[m[K
[2.902s] 
[2.902s] In file included from [01m[K/usr/include/c++/11/memory:77[m[K,
[2.902s]                  from [01m[K/opt/ros/humble/include/rclcpp/rclcpp/rclcpp.hpp:153[m[K,
[2.902s]                  from [01m[K/home/jasper/RoboWorks_Comp_Team/brain/src/roboworks_brain/src/brain_node.cpp:1[m[K:
[2.903s] [01m[K/usr/include/c++/11/bits/shared_ptr.h:875:5:[m[K [01;36m[Knote: [m[Kcandidate: â€˜[01m[Ktemplate<class _Tp, class ... _Args> std::shared_ptr<_Tp> std::make_shared(_Args&& ...)[m[Kâ€™
[2.903s]   875 |     [01;36m[Kmake_shared[m[K(_Args&&... __args)
[2.903s]       |     [01;36m[K^~~~~~~~~~~[m[K
[2.903s] [01m[K/usr/include/c++/11/bits/shared_ptr.h:875:5:[m[K [01;36m[Knote: [m[K  template argument deduction/substitution failed:
[2.903s] [01m[K/home/jasper/RoboWorks_Comp_Team/brain/src/roboworks_brain/src/brain_node.cpp:40:76:[m[K [01;31m[Kerror: [m[Ktemplate argument 1 is invalid
[2.903s]    40 | uto requestTaskOpt = [01;31m[Kstd::make_shared<atwork::srv::TaskOpt::Request>()[m[K;
[2.903s]       |                      [01;31m[K~~~~~~~~~~~~~~~~~~~~~~~~~~~~~~~~~~~~~~~~~~~~~~~^~[m[K
[2.903s] 
[2.909s] [01m[K/home/jasper/RoboWorks_Comp_Team/brain/src/roboworks_brain/src/brain_node.cpp:46:7:[m[K [01;31m[Kerror: [m[Kâ€˜[01m[KtaskOp_client[m[Kâ€™ was not declared in this scope
[2.909s]    46 |       [01;31m[KtaskOp_client[m[K->async_send_request(requestTaskOpt, std::bind(&brainNode::controller, this, _1));
[2.910s]       |       [01;31m[K^~~~~~~~~~~~~[m[K
[2.911s] [01m[K/home/jasper/RoboWorks_Comp_Team/brain/src/roboworks_brain/src/brain_node.cpp:[m[K In member function â€˜[01m[Kvoid brainNode::controller(int)[m[Kâ€™:
[2.911s] [01m[K/home/jasper/RoboWorks_Comp_Team/brain/src/roboworks_brain/src/brain_node.cpp:54:28:[m[K [01;31m[Kerror: [m[Krequest for member â€˜[01m[Kget[m[Kâ€™ in â€˜[01m[Kfuture[m[Kâ€™, which is of non-class type â€˜[01m[Kint[m[Kâ€™
[2.912s]    54 |       auto result = future.[01;31m[Kget[m[K();
[2.912s]       |                            [01;31m[K^~~[m[K
[2.922s] In file included from [01m[K/opt/ros/humble/include/rclcpp/rclcpp/logging.hpp:24[m[K,
[2.922s]                  from [01m[K/opt/ros/humble/include/rclcpp/rclcpp/client.hpp:40[m[K,
[2.922s]                  from [01m[K/opt/ros/humble/include/rclcpp/rclcpp/callback_group.hpp:24[m[K,
[2.922s]                  from [01m[K/opt/ros/humble/include/rclcpp/rclcpp/any_executable.hpp:20[m[K,
[2.922s]                  from [01m[K/opt/ros/humble/include/rclcpp/rclcpp/memory_strategy.hpp:25[m[K,
[2.922s]                  from [01m[K/opt/ros/humble/include/rclcpp/rclcpp/memory_strategies.hpp:18[m[K,
[2.922s]                  from [01m[K/opt/ros/humble/include/rclcpp/rclcpp/executor_options.hpp:20[m[K,
[2.923s]                  from [01m[K/opt/ros/humble/include/rclcpp/rclcpp/executor.hpp:37[m[K,
[2.923s]                  from [01m[K/opt/ros/humble/include/rclcpp/rclcpp/executors/multi_threaded_executor.hpp:25[m[K,
[2.923s]                  from [01m[K/opt/ros/humble/include/rclcpp/rclcpp/executors.hpp:21[m[K,
[2.923s]                  from [01m[K/opt/ros/humble/include/rclcpp/rclcpp/rclcpp.hpp:155[m[K,
[2.923s]                  from [01m[K/home/jasper/RoboWorks_Comp_Team/brain/src/roboworks_brain/src/brain_node.cpp:1[m[K:
[2.923s] [01m[K/home/jasper/RoboWorks_Comp_Team/brain/src/roboworks_brain/src/brain_node.cpp:[m[K In member function â€˜[01m[Kvoid brainNode::moving(brainNode::ServiceResponseMoving)[m[Kâ€™:
[2.923s] [01m[K/home/jasper/RoboWorks_Comp_Team/brain/src/roboworks_brain/src/brain_node.cpp:133:41:[m[K [01;35m[Kwarning: [m[Kformat â€˜[01m[K%s[m[Kâ€™ expects argument of type â€˜[01m[Kchar*[m[Kâ€™, but argument 5 has type â€˜[01m[Kroboworks_brain_interfaces::srv::Navigation_Response_<std::allocator<void> >::_instruction_type[m[Kâ€™ {aka â€˜[01m[Kstd::__cxx11::basic_string<char>[m[Kâ€™} [[01;35m[K]8;;https://gcc.gnu.org/onlinedocs/gcc/Warning-Options.html#index-Wformat=-Wformat=]8;;[m[K]
[2.923s]   133 |         RCLCPP_INFO(this->get_logger(), [01;35m[K"moving heard new task: '%s'"[m[K, result->instruction);
[2.924s]       |                                         [01;35m[K^~~~~~~~~~~~~~~~~~~~~~~~~~~~~[m[K
[2.924s] [01m[K/home/jasper/RoboWorks_Comp_Team/brain/src/roboworks_brain/src/brain_node.cpp:133:67:[m[K [01;36m[Knote: [m[Kformat string is defined here
[2.924s]   133 |   RCLCPP_INFO(this->get_logger(), "moving heard new task: '[01;36m[K%s[m[K'", result->instruction);
[2.924s]       |                                                            [01;36m[K~^[m[K
[2.924s]       |                                                             [01;36m[K|[m[K
[2.924s]       |                                                             [01;36m[Kchar*[m[K
[2.924s] 
[2.924s] In file included from [01m[K/opt/ros/humble/include/rclcpp/rclcpp/logging.hpp:24[m[K,
[2.925s]                  from [01m[K/opt/ros/humble/include/rclcpp/rclcpp/client.hpp:40[m[K,
[2.925s]                  from [01m[K/opt/ros/humble/include/rclcpp/rclcpp/callback_group.hpp:24[m[K,
[2.925s]                  from [01m[K/opt/ros/humble/include/rclcpp/rclcpp/any_executable.hpp:20[m[K,
[2.925s]                  from [01m[K/opt/ros/humble/include/rclcpp/rclcpp/memory_strategy.hpp:25[m[K,
[2.925s]                  from [01m[K/opt/ros/humble/include/rclcpp/rclcpp/memory_strategies.hpp:18[m[K,
[2.925s]                  from [01m[K/opt/ros/humble/include/rclcpp/rclcpp/executor_options.hpp:20[m[K,
[2.925s]                  from [01m[K/opt/ros/humble/include/rclcpp/rclcpp/executor.hpp:37[m[K,
[2.925s]                  from [01m[K/opt/ros/humble/include/rclcpp/rclcpp/executors/multi_threaded_executor.hpp:25[m[K,
[2.925s]                  from [01m[K/opt/ros/humble/include/rclcpp/rclcpp/executors.hpp:21[m[K,
[2.925s]                  from [01m[K/opt/ros/humble/include/rclcpp/rclcpp/rclcpp.hpp:155[m[K,
[2.925s]                  from [01m[K/home/jasper/RoboWorks_Comp_Team/brain/src/roboworks_brain/src/brain_node.cpp:1[m[K:
[2.926s] [01m[K/home/jasper/RoboWorks_Comp_Team/brain/src/roboworks_brain/src/brain_node.cpp:[m[K In member function â€˜[01m[Kvoid brainNode::pickPlace(brainNode::ServiceResponsePickPlace)[m[Kâ€™:
[2.926s] [01m[K/home/jasper/RoboWorks_Comp_Team/brain/src/roboworks_brain/src/brain_node.cpp:154:41:[m[K [01;35m[Kwarning: [m[Kformat â€˜[01m[K%s[m[Kâ€™ expects argument of type â€˜[01m[Kchar*[m[Kâ€™, but argument 5 has type â€˜[01m[Kroboworks_brain_interfaces::srv::ArmBrain_Response_<std::allocator<void> >::_instruction_type[m[Kâ€™ {aka â€˜[01m[Kstd::__cxx11::basic_string<char>[m[Kâ€™} [[01;35m[K]8;;https://gcc.gnu.org/onlinedocs/gcc/Warning-Options.html#index-Wformat=-Wformat=]8;;[m[K]
[2.926s]   154 |         RCLCPP_INFO(this->get_logger(), [01;35m[K"pickPlace heard new task: '%s'"[m[K, result->instruction);
[2.926s]       |                                         [01;35m[K^~~~~~~~~~~~~~~~~~~~~~~~~~~~~~~~[m[K
[2.926s] [01m[K/home/jasper/RoboWorks_Comp_Team/brain/src/roboworks_brain/src/brain_node.cpp:154:70:[m[K [01;36m[Knote: [m[Kformat string is defined here
[2.926s]   154 | CLCPP_INFO(this->get_logger(), "pickPlace heard new task: '[01;36m[K%s[m[K'", result->instruction);
[2.926s]       |                                                            [01;36m[K~^[m[K
[2.926s]       |                                                             [01;36m[K|[m[K
[2.926s]       |                                                             [01;36m[Kchar*[m[K
[2.926s] 
[5.408s] gmake[2]: *** [CMakeFiles/brain_node.dir/build.make:76: CMakeFiles/brain_node.dir/src/brain_node.cpp.o] Error 1
[5.408s] gmake[1]: *** [CMakeFiles/Makefile2:137: CMakeFiles/brain_node.dir/all] Error 2
[5.409s] gmake: *** [Makefile:146: all] Error 2
[5.411s] Invoked command in '/home/jasper/RoboWorks_Comp_Team/brain/build/roboworks_brain' returned '2': CMAKE_PREFIX_PATH=${CMAKE_PREFIX_PATH}:/home/jasper/RoboWorks_Comp_Team/brain/install/roboworks_brain_interfaces:/home/jasper/ws_moveit2/install/moveit_configs_utils:/home/jasper/ws_moveit2/install/launch_param_builder:/opt/ros/humble /usr/bin/cmake --build /home/jasper/RoboWorks_Comp_Team/brain/build/roboworks_brain -- -j8 -l8
