[0.115s] Invoking command in '/home/jasper/RoboWorks_Comp_Team/taskOptimzer/build/atwork_interfaces': CMAKE_PREFIX_PATH=${CMAKE_PREFIX_PATH}:/home/jasper/ws_moveit2/install/moveit_configs_utils:/home/jasper/ws_moveit2/install/launch_param_builder:/opt/ros/humble /usr/bin/cmake --build /home/jasper/RoboWorks_Comp_Team/taskOptimzer/build/atwork_interfaces -- -j8 -l8
[0.150s] -- Found ament_cmake: 1.3.6 (/opt/ros/humble/share/ament_cmake/cmake)
[0.298s] -- Found geometry_msgs: 4.2.3 (/opt/ros/humble/share/geometry_msgs/cmake)
[0.326s] -- Found rosidl_generator_c: 3.1.5 (/opt/ros/humble/share/rosidl_generator_c/cmake)
[0.328s] -- Found rosidl_adapter: 3.1.5 (/opt/ros/humble/share/rosidl_adapter/cmake)
[0.335s] -- Found rosidl_generator_cpp: 3.1.5 (/opt/ros/humble/share/rosidl_generator_cpp/cmake)
[0.348s] -- Using all available rosidl_typesupport_c: rosidl_typesupport_fastrtps_c;rosidl_typesupport_introspection_c
[0.366s] -- Using all available rosidl_typesupport_cpp: rosidl_typesupport_fastrtps_cpp;rosidl_typesupport_introspection_cpp
[0.486s] -- Found rosidl_default_generators: 1.2.0 (/opt/ros/humble/share/rosidl_default_generators/cmake)
[0.681s] [31mCMake Error at /opt/ros/humble/share/rosidl_adapter/cmake/rosidl_adapt_interfaces.cmake:59 (message):
[0.681s]   execute_process(/usr/bin/python3.10 -m rosidl_adapter --package-name
[0.681s]   atwork_interfaces --arguments-file
[0.681s]   /home/jasper/RoboWorks_Comp_Team/taskOptimzer/build/atwork_interfaces/rosidl_adapter__arguments__atwork_interfaces.json
[0.681s]   --output-dir
[0.681s]   /home/jasper/RoboWorks_Comp_Team/taskOptimzer/build/atwork_interfaces/rosidl_adapter/atwork_interfaces
[0.681s]   --output-file
[0.681s]   /home/jasper/RoboWorks_Comp_Team/taskOptimzer/build/atwork_interfaces/rosidl_adapter/atwork_interfaces.idls)
[0.681s]   returned error code 1:
[0.681s] 
[0.681s]   Error processing 'std_msgs/duration prep_time' of 'atwork_interfaces/Task':
[0.681s]   ''duration' is an invalid message name.  It should have the pattern
[0.681s]   '^[A-Z][A-Za-z0-9]*$''
[0.682s] 
[0.682s]   Traceback (most recent call last):
[0.682s] 
[0.682s]     File "/usr/lib/python3.10/runpy.py", line 196, in _run_module_as_main
[0.682s]       return _run_code(code, main_globals, None,
[0.682s]     File "/usr/lib/python3.10/runpy.py", line 86, in _run_code
[0.682s]       exec(code, run_globals)
[0.682s]     File "/opt/ros/humble/local/lib/python3.10/dist-packages/rosidl_adapter/__main__.py", line 19, in <module>
[0.682s]       sys.exit(main())
[0.682s]     File "/opt/ros/humble/local/lib/python3.10/dist-packages/rosidl_adapter/main.py", line 53, in main
[0.682s]       abs_idl_file = convert_to_idl(
[0.682s]     File "/opt/ros/humble/local/lib/python3.10/dist-packages/rosidl_adapter/__init__.py", line 19, in convert_to_idl
[0.682s]       return convert_msg_to_idl(
[0.682s]     File "/opt/ros/humble/local/lib/python3.10/dist-packages/rosidl_adapter/msg/__init__.py", line 28, in convert_msg_to_idl
[0.682s]       msg = parse_message_string(package_name, input_file.stem, content)
[0.682s]     File "/opt/ros/humble/local/lib/python3.10/dist-packages/rosidl_adapter/parser.py", line 520, in parse_message_string
[0.682s]       Type(type_string, context_package_name=pkg_name),
[0.682s]     File "/opt/ros/humble/local/lib/python3.10/dist-packages/rosidl_adapter/parser.py", line 277, in __init__
[0.683s]       super(Type, self).__init__(
[0.683s]     File "/opt/ros/humble/local/lib/python3.10/dist-packages/rosidl_adapter/parser.py", line 205, in __init__
[0.683s]       raise InvalidResourceName(
[0.683s] 
[0.683s]   rosidl_adapter.parser.InvalidResourceName: 'duration' is an invalid message
[0.683s]   name.  It should have the pattern '^[A-Z][A-Za-z0-9]*$'
[0.683s] 
[0.683s] Call Stack (most recent call first):
[0.683s]   /opt/ros/humble/share/rosidl_cmake/cmake/rosidl_generate_interfaces.cmake:130 (rosidl_adapt_interfaces)
[0.683s]   CMakeLists.txt:16 (rosidl_generate_interfaces)
[0.683s] 
[0.683s] [0m
[0.683s] -- Configuring incomplete, errors occurred!
[0.683s] See also "/home/jasper/RoboWorks_Comp_Team/taskOptimzer/build/atwork_interfaces/CMakeFiles/CMakeOutput.log".
[0.687s] gmake: *** [Makefile:1395: cmake_check_build_system] Error 1
[0.689s] Invoked command in '/home/jasper/RoboWorks_Comp_Team/taskOptimzer/build/atwork_interfaces' returned '2': CMAKE_PREFIX_PATH=${CMAKE_PREFIX_PATH}:/home/jasper/ws_moveit2/install/moveit_configs_utils:/home/jasper/ws_moveit2/install/launch_param_builder:/opt/ros/humble /usr/bin/cmake --build /home/jasper/RoboWorks_Comp_Team/taskOptimzer/build/atwork_interfaces -- -j8 -l8
